2024-11-23 15:24:24,771 - INFO: Existing sensor found with ID: 1
2024-11-23 15:24:24,780 - INFO: Existing Thing found with ID: 37
2024-11-23 15:24:24,789 - INFO: {'value': [{'@iot.selfLink': 'http://localhost:8080/FROST-Server/v1.1/ObservedProperties(20)', '@iot.id': 20, 'name': 'CO2 Concentration', 'definition': 'http://example.org/parameters/co2', 'description': 'Carbon dioxide concentration in air', 'Datastreams@iot.navigationLink': 'http://localhost:8080/FROST-Server/v1.1/ObservedProperties(20)/Datastreams'}]}
2024-11-23 15:24:24,800 - INFO: {'value': [{'@iot.selfLink': 'http://localhost:8080/FROST-Server/v1.1/ObservedProperties(21)', '@iot.id': 21, 'name': 'Air Temperature', 'definition': 'http://example.org/parameters/temperature', 'description': 'Temperature of the air', 'Datastreams@iot.navigationLink': 'http://localhost:8080/FROST-Server/v1.1/ObservedProperties(21)/Datastreams'}]}
2024-11-23 15:24:24,812 - INFO: {'value': [{'@iot.selfLink': 'http://localhost:8080/FROST-Server/v1.1/ObservedProperties(22)', '@iot.id': 22, 'name': 'Relative Humidity', 'definition': 'http://example.org/parameters/humidity', 'description': 'Relative humidity in air', 'Datastreams@iot.navigationLink': 'http://localhost:8080/FROST-Server/v1.1/ObservedProperties(22)/Datastreams'}]}
2024-11-23 15:24:24,899 - ERROR: Error creating Datastream: Expecting value: line 1 column 1 (char 0)
2024-11-23 15:24:24,928 - ERROR: Error creating Datastream: Expecting value: line 1 column 1 (char 0)
2024-11-23 15:24:24,956 - ERROR: Error creating Datastream: Expecting value: line 1 column 1 (char 0)
2024-11-23 15:24:24,968 - ERROR: Failed to create Observation: {"code":400,"type":"error","message":"Incorrect request: Failed to parse TimeInterval 2021-04-19T22:24:17"}
2024-11-23 15:24:24,976 - ERROR: Failed to create Observation: {"code":400,"type":"error","message":"Incorrect request: Failed to parse TimeInterval 2021-04-19T22:24:17"}
2024-11-23 15:24:24,985 - ERROR: Failed to create Observation: {"code":400,"type":"error","message":"Incorrect request: Failed to parse TimeInterval 2021-04-19T22:24:17"}
2024-11-23 15:24:24,994 - ERROR: Failed to create Observation: {"code":400,"type":"error","message":"Incorrect request: Failed to parse TimeInterval 2021-04-19T22:32:37"}
2024-11-23 15:24:25,002 - ERROR: Failed to create Observation: {"code":400,"type":"error","message":"Incorrect request: Failed to parse TimeInterval 2021-04-19T22:32:37"}
2024-11-23 15:24:25,010 - ERROR: Failed to create Observation: {"code":400,"type":"error","message":"Incorrect request: Failed to parse TimeInterval 2021-04-19T22:32:37"}
2024-11-23 15:24:25,020 - ERROR: Failed to create Observation: {"code":400,"type":"error","message":"Incorrect request: Failed to parse TimeInterval 2021-04-19T22:37:45"}
2024-11-23 15:24:25,030 - ERROR: Failed to create Observation: {"code":400,"type":"error","message":"Incorrect request: Failed to parse TimeInterval 2021-04-19T22:37:45"}
2024-11-23 15:24:25,039 - ERROR: Failed to create Observation: {"code":400,"type":"error","message":"Incorrect request: Failed to parse TimeInterval 2021-04-19T22:37:45"}
2024-11-23 15:24:25,040 - INFO: Successfully uploaded data for Room A1
2024-11-23 15:25:06,734 - INFO: Existing sensor found with ID: 1
2024-11-23 15:25:06,749 - INFO: Existing Thing found with ID: 37
2024-11-23 15:25:06,761 - INFO: asdfasdfasdf
2024-11-23 15:25:06,762 - INFO: {'value': [{'@iot.selfLink': 'http://localhost:8080/FROST-Server/v1.1/ObservedProperties(20)', '@iot.id': 20, 'name': 'CO2 Concentration', 'definition': 'http://example.org/parameters/co2', 'description': 'Carbon dioxide concentration in air', 'Datastreams@iot.navigationLink': 'http://localhost:8080/FROST-Server/v1.1/ObservedProperties(20)/Datastreams'}]}
2024-11-23 15:25:06,765 - INFO: asdfasdfasdf
2024-11-23 15:25:06,775 - INFO: asdfasdfasdf
2024-11-23 15:25:06,776 - INFO: {'value': [{'@iot.selfLink': 'http://localhost:8080/FROST-Server/v1.1/ObservedProperties(21)', '@iot.id': 21, 'name': 'Air Temperature', 'definition': 'http://example.org/parameters/temperature', 'description': 'Temperature of the air', 'Datastreams@iot.navigationLink': 'http://localhost:8080/FROST-Server/v1.1/ObservedProperties(21)/Datastreams'}]}
2024-11-23 15:25:06,777 - INFO: asdfasdfasdf
2024-11-23 15:25:06,787 - INFO: asdfasdfasdf
2024-11-23 15:25:06,788 - INFO: {'value': [{'@iot.selfLink': 'http://localhost:8080/FROST-Server/v1.1/ObservedProperties(22)', '@iot.id': 22, 'name': 'Relative Humidity', 'definition': 'http://example.org/parameters/humidity', 'description': 'Relative humidity in air', 'Datastreams@iot.navigationLink': 'http://localhost:8080/FROST-Server/v1.1/ObservedProperties(22)/Datastreams'}]}
2024-11-23 15:25:06,789 - INFO: asdfasdfasdf
2024-11-23 15:25:06,852 - ERROR: Failed to create Observation: {"code":400,"type":"error","message":"Incorrect request: Failed to parse TimeInterval 2021-04-19T22:24:17"}
2024-11-23 15:25:06,858 - ERROR: Failed to create Observation: {"code":400,"type":"error","message":"Incorrect request: Failed to parse TimeInterval 2021-04-19T22:24:17"}
2024-11-23 15:25:06,866 - ERROR: Failed to create Observation: {"code":400,"type":"error","message":"Incorrect request: Failed to parse TimeInterval 2021-04-19T22:24:17"}
2024-11-23 15:25:06,874 - ERROR: Failed to create Observation: {"code":400,"type":"error","message":"Incorrect request: Failed to parse TimeInterval 2021-04-19T22:32:37"}
2024-11-23 15:25:06,881 - ERROR: Failed to create Observation: {"code":400,"type":"error","message":"Incorrect request: Failed to parse TimeInterval 2021-04-19T22:32:37"}
2024-11-23 15:25:06,889 - ERROR: Failed to create Observation: {"code":400,"type":"error","message":"Incorrect request: Failed to parse TimeInterval 2021-04-19T22:32:37"}
2024-11-23 15:25:06,896 - ERROR: Failed to create Observation: {"code":400,"type":"error","message":"Incorrect request: Failed to parse TimeInterval 2021-04-19T22:37:45"}
2024-11-23 15:25:06,904 - ERROR: Failed to create Observation: {"code":400,"type":"error","message":"Incorrect request: Failed to parse TimeInterval 2021-04-19T22:37:45"}
2024-11-23 15:25:06,911 - ERROR: Failed to create Observation: {"code":400,"type":"error","message":"Incorrect request: Failed to parse TimeInterval 2021-04-19T22:37:45"}
2024-11-23 15:25:06,912 - INFO: Successfully uploaded data for Room A1
2024-11-23 15:25:58,100 - INFO: Existing sensor found with ID: 1
2024-11-23 15:25:58,109 - INFO: Existing Thing found with ID: 37
2024-11-23 15:25:58,118 - INFO: asdfasdfasdf
2024-11-23 15:25:58,119 - INFO: 20
2024-11-23 15:25:58,119 - INFO: asdfasdfasdf
2024-11-23 15:25:58,131 - INFO: asdfasdfasdf
2024-11-23 15:25:58,131 - INFO: 21
2024-11-23 15:25:58,131 - INFO: asdfasdfasdf
2024-11-23 15:25:58,141 - INFO: asdfasdfasdf
2024-11-23 15:25:58,142 - INFO: 22
2024-11-23 15:25:58,142 - INFO: asdfasdfasdf
2024-11-23 15:25:58,180 - ERROR: Failed to create Observation: {"code":400,"type":"error","message":"Incorrect request: Failed to parse TimeInterval 2021-04-19T22:24:17"}
2024-11-23 15:25:58,187 - ERROR: Failed to create Observation: {"code":400,"type":"error","message":"Incorrect request: Failed to parse TimeInterval 2021-04-19T22:24:17"}
2024-11-23 15:25:58,194 - ERROR: Failed to create Observation: {"code":400,"type":"error","message":"Incorrect request: Failed to parse TimeInterval 2021-04-19T22:24:17"}
2024-11-23 15:25:58,202 - ERROR: Failed to create Observation: {"code":400,"type":"error","message":"Incorrect request: Failed to parse TimeInterval 2021-04-19T22:32:37"}
2024-11-23 15:25:58,210 - ERROR: Failed to create Observation: {"code":400,"type":"error","message":"Incorrect request: Failed to parse TimeInterval 2021-04-19T22:32:37"}
2024-11-23 15:25:58,219 - ERROR: Failed to create Observation: {"code":400,"type":"error","message":"Incorrect request: Failed to parse TimeInterval 2021-04-19T22:32:37"}
2024-11-23 15:25:58,229 - ERROR: Failed to create Observation: {"code":400,"type":"error","message":"Incorrect request: Failed to parse TimeInterval 2021-04-19T22:37:45"}
2024-11-23 15:25:58,237 - ERROR: Failed to create Observation: {"code":400,"type":"error","message":"Incorrect request: Failed to parse TimeInterval 2021-04-19T22:37:45"}
2024-11-23 15:25:58,245 - ERROR: Failed to create Observation: {"code":400,"type":"error","message":"Incorrect request: Failed to parse TimeInterval 2021-04-19T22:37:45"}
2024-11-23 15:25:58,246 - INFO: Successfully uploaded data for Room A1
2024-11-23 15:27:15,697 - INFO: Existing sensor found with ID: 1
2024-11-23 15:27:15,706 - INFO: Existing Thing found with ID: 37
2024-11-23 15:27:15,714 - INFO: asdfasdfasdf
2024-11-23 15:27:15,714 - INFO: 20
2024-11-23 15:27:15,714 - INFO: asdfasdfasdf
2024-11-23 15:27:15,723 - INFO: asdfasdfasdf
2024-11-23 15:27:15,725 - INFO: 21
2024-11-23 15:27:15,725 - INFO: asdfasdfasdf
2024-11-23 15:27:15,734 - INFO: asdfasdfasdf
2024-11-23 15:27:15,735 - INFO: 22
2024-11-23 15:27:15,735 - INFO: asdfasdfasdf
2024-11-23 15:27:15,779 - ERROR: Failed to create Observation: {"code":400,"type":"error","message":"Incorrect request: Failed to parse TimeInterval 2021-04-19T22:24:17"}
2024-11-23 15:27:15,788 - ERROR: Failed to create Observation: {"code":400,"type":"error","message":"Incorrect request: Failed to parse TimeInterval 2021-04-19T22:24:17"}
2024-11-23 15:27:15,796 - ERROR: Failed to create Observation: {"code":400,"type":"error","message":"Incorrect request: Failed to parse TimeInterval 2021-04-19T22:24:17"}
2024-11-23 15:27:15,804 - ERROR: Failed to create Observation: {"code":400,"type":"error","message":"Incorrect request: Failed to parse TimeInterval 2021-04-19T22:32:37"}
2024-11-23 15:27:15,813 - ERROR: Failed to create Observation: {"code":400,"type":"error","message":"Incorrect request: Failed to parse TimeInterval 2021-04-19T22:32:37"}
2024-11-23 15:27:15,822 - ERROR: Failed to create Observation: {"code":400,"type":"error","message":"Incorrect request: Failed to parse TimeInterval 2021-04-19T22:32:37"}
2024-11-23 15:27:15,834 - ERROR: Failed to create Observation: {"code":400,"type":"error","message":"Incorrect request: Failed to parse TimeInterval 2021-04-19T22:37:45"}
2024-11-23 15:27:15,844 - ERROR: Failed to create Observation: {"code":400,"type":"error","message":"Incorrect request: Failed to parse TimeInterval 2021-04-19T22:37:45"}
2024-11-23 15:27:15,852 - ERROR: Failed to create Observation: {"code":400,"type":"error","message":"Incorrect request: Failed to parse TimeInterval 2021-04-19T22:37:45"}
2024-11-23 15:27:15,853 - INFO: Successfully uploaded data for Room A1
2024-11-23 15:55:40,972 - INFO: Existing sensor found with ID: 1
2024-11-23 15:55:40,983 - INFO: Existing Thing found with ID: 37
2024-11-23 15:55:40,994 - INFO: asdfasdfasdf
2024-11-23 15:55:40,994 - INFO: 20
2024-11-23 15:55:40,994 - INFO: asdfasdfasdf
2024-11-23 15:55:41,004 - INFO: asdfasdfasdf
2024-11-23 15:55:41,004 - INFO: 21
2024-11-23 15:55:41,004 - INFO: asdfasdfasdf
2024-11-23 15:55:41,013 - INFO: asdfasdfasdf
2024-11-23 15:55:41,013 - INFO: 22
2024-11-23 15:55:41,013 - INFO: asdfasdfasdf
2024-11-23 15:55:41,047 - ERROR: Error uploading environmental data: 'str' object has no attribute 'isoformat'
2024-11-23 15:56:13,203 - INFO: Existing sensor found with ID: 1
2024-11-23 15:56:13,203 - ERROR: Error uploading environmental data: 'datetime.datetime' object has no attribute 'format'
2024-11-23 15:56:32,624 - INFO: Existing sensor found with ID: 1
2024-11-23 15:56:32,633 - INFO: Existing Thing found with ID: 37
2024-11-23 15:56:32,642 - INFO: asdfasdfasdf
2024-11-23 15:56:32,642 - INFO: 20
2024-11-23 15:56:32,643 - INFO: asdfasdfasdf
2024-11-23 15:56:32,651 - INFO: asdfasdfasdf
2024-11-23 15:56:32,651 - INFO: 21
2024-11-23 15:56:32,652 - INFO: asdfasdfasdf
2024-11-23 15:56:32,661 - INFO: asdfasdfasdf
2024-11-23 15:56:32,662 - INFO: 22
2024-11-23 15:56:32,662 - INFO: asdfasdfasdf
2024-11-23 15:56:32,691 - ERROR: Error uploading environmental data: 'str' object has no attribute 'isoformat'
2024-11-23 15:56:45,063 - INFO: Existing sensor found with ID: 1
2024-11-23 15:56:45,071 - INFO: Existing Thing found with ID: 37
2024-11-23 15:56:45,082 - INFO: asdfasdfasdf
2024-11-23 15:56:45,082 - INFO: 20
2024-11-23 15:56:45,082 - INFO: asdfasdfasdf
2024-11-23 15:56:45,090 - INFO: asdfasdfasdf
2024-11-23 15:56:45,091 - INFO: 21
2024-11-23 15:56:45,091 - INFO: asdfasdfasdf
2024-11-23 15:56:45,100 - INFO: asdfasdfasdf
2024-11-23 15:56:45,100 - INFO: 22
2024-11-23 15:56:45,101 - INFO: asdfasdfasdf
2024-11-23 15:56:45,132 - ERROR: Error uploading environmental data: 'str' object has no attribute 'isoformat'
2024-11-23 16:02:00,619 - INFO: Existing sensor found with ID: 1
2024-11-23 16:02:00,627 - INFO: Existing Thing found with ID: 37
2024-11-23 16:02:00,637 - INFO: asdfasdfasdf
2024-11-23 16:02:00,637 - INFO: 20
2024-11-23 16:02:00,638 - INFO: asdfasdfasdf
2024-11-23 16:02:00,646 - INFO: asdfasdfasdf
2024-11-23 16:02:00,647 - INFO: 21
2024-11-23 16:02:00,647 - INFO: asdfasdfasdf
2024-11-23 16:02:00,655 - INFO: asdfasdfasdf
2024-11-23 16:02:00,655 - INFO: 22
2024-11-23 16:02:00,657 - INFO: asdfasdfasdf
2024-11-23 16:02:00,829 - ERROR: Failed to create Observation: {"code":400,"type":"error","message":"No FeatureOfInterest provided, and none can be generated."}
2024-11-23 16:02:00,839 - ERROR: Failed to create Observation: {"code":400,"type":"error","message":"No FeatureOfInterest provided, and none can be generated."}
2024-11-23 16:02:00,848 - ERROR: Failed to create Observation: {"code":400,"type":"error","message":"No FeatureOfInterest provided, and none can be generated."}
2024-11-23 16:02:00,861 - ERROR: Failed to create Observation: {"code":400,"type":"error","message":"No FeatureOfInterest provided, and none can be generated."}
2024-11-23 16:02:00,873 - ERROR: Failed to create Observation: {"code":400,"type":"error","message":"No FeatureOfInterest provided, and none can be generated."}
2024-11-23 16:02:00,886 - ERROR: Failed to create Observation: {"code":400,"type":"error","message":"No FeatureOfInterest provided, and none can be generated."}
2024-11-23 16:02:00,898 - ERROR: Failed to create Observation: {"code":400,"type":"error","message":"No FeatureOfInterest provided, and none can be generated."}
2024-11-23 16:02:00,912 - ERROR: Failed to create Observation: {"code":400,"type":"error","message":"No FeatureOfInterest provided, and none can be generated."}
2024-11-23 16:02:00,931 - ERROR: Failed to create Observation: {"code":400,"type":"error","message":"No FeatureOfInterest provided, and none can be generated."}
2024-11-23 16:02:00,936 - INFO: Successfully uploaded data for Room A1
