2024-11-21 16:48:21,798 - INFO: Raw CSV content:
2024-11-21 16:48:21,798 - INFO: Server time;Sensor time;CO2 concentration;Temperature;Humidity
YYYY-MM-DD HH:MM:SS;YYYY-MM-DD HH:MM:SS+XX;ppm;degC;%
2021-04-19 22:23:50;2021-04-19 22:24:17+02;1490;21.0;46.5
2021-04-19 22:32:10;2021-04-19 22:32:37+02;1503;21.0;46.5
2021-04-19 22:37:17;2021-04-19 22:37:45+02;1511;20.8;47.0

2024-11-21 16:48:21,803 - INFO: DataFrame columns: ['Server time', 'Sensor time', 'CO2 concentration', 'Temperature', 'Humidity']
2024-11-21 16:48:21,803 - INFO: DataFrame first few rows:
2024-11-21 16:48:21,811 - INFO:            Server time             Sensor time  ...  Temperature  Humidity
0  2021-04-19 22:23:50  2021-04-19 22:24:17+02  ...         21.0      46.5
1  2021-04-19 22:32:10  2021-04-19 22:32:37+02  ...         21.0      46.5
2  2021-04-19 22:37:17  2021-04-19 22:37:45+02  ...         20.8      47.0

[3 rows x 5 columns]
2024-11-21 16:48:21,815 - INFO: Creating Thing...
2024-11-21 16:48:22,182 - INFO: Created Thing with ID: 20
2024-11-21 16:48:22,211 - INFO: Created Observed Property for CO2 concentration with ID: 1
2024-11-21 16:48:22,236 - INFO: Created Observed Property for Temperature with ID: 5
2024-11-21 16:48:22,262 - INFO: Created Observed Property for Humidity with ID: 6
2024-11-21 16:48:22,364 - ERROR: Failed to create Datastream for CO2 concentration: {"code":400,"type":"error","message":"Missing required property 'observationType'"}
2024-11-21 16:48:22,372 - ERROR: Failed to create Datastream for Temperature: {"code":400,"type":"error","message":"Missing required property 'observationType'"}
2024-11-21 16:48:22,381 - ERROR: Failed to create Datastream for Humidity: {"code":400,"type":"error","message":"Missing required property 'observationType'"}
2024-11-21 16:48:22,382 - INFO: Data upload completed successfully!
2024-11-21 16:48:22,396 - INFO: Fetched 0 datastreams for Thing 1
2024-11-21 16:48:22,435 - INFO: Fetched 0 datastreams for Thing 2
2024-11-21 16:48:22,448 - INFO: Fetched 0 datastreams for Thing 3
2024-11-21 16:48:22,459 - INFO: Fetched 0 datastreams for Thing 4
2024-11-21 16:48:22,470 - INFO: Fetched 0 datastreams for Thing 5
2024-11-21 16:48:22,481 - INFO: Fetched 0 datastreams for Thing 6
2024-11-21 16:48:22,489 - INFO: Fetched 0 datastreams for Thing 7
2024-11-21 16:48:22,499 - INFO: Fetched 0 datastreams for Thing 8
2024-11-21 16:48:22,507 - INFO: Fetched 0 datastreams for Thing 9
2024-11-21 16:48:22,516 - INFO: Fetched 0 datastreams for Thing 10
2024-11-21 16:48:22,517 - INFO: Saved 0 observations to observations_data.json
2024-11-21 16:49:42,768 - INFO: Raw CSV content:
2024-11-21 16:49:42,768 - INFO: Server time;Sensor time;CO2 concentration;Temperature;Humidity
YYYY-MM-DD HH:MM:SS;YYYY-MM-DD HH:MM:SS+XX;ppm;degC;%
2021-04-19 22:23:50;2021-04-19 22:24:17+02;1490;21.0;46.5
2021-04-19 22:32:10;2021-04-19 22:32:37+02;1503;21.0;46.5
2021-04-19 22:37:17;2021-04-19 22:37:45+02;1511;20.8;47.0

2024-11-21 16:49:42,772 - INFO: DataFrame columns: ['Server time', 'Sensor time', 'CO2 concentration', 'Temperature', 'Humidity']
2024-11-21 16:49:42,772 - INFO: DataFrame first few rows:
2024-11-21 16:49:42,778 - INFO:            Server time             Sensor time  ...  Temperature  Humidity
0  2021-04-19 22:23:50  2021-04-19 22:24:17+02  ...         21.0      46.5
1  2021-04-19 22:32:10  2021-04-19 22:32:37+02  ...         21.0      46.5
2  2021-04-19 22:37:17  2021-04-19 22:37:45+02  ...         20.8      47.0

[3 rows x 5 columns]
2024-11-21 16:49:42,780 - INFO: Creating Thing...
2024-11-21 16:49:42,824 - INFO: Created Thing with ID: 21
2024-11-21 16:49:42,842 - INFO: Created Observed Property for CO2 concentration with ID: 1
2024-11-21 16:49:42,863 - INFO: Created Observed Property for Temperature with ID: 5
2024-11-21 16:49:42,885 - INFO: Created Observed Property for Humidity with ID: 6
2024-11-21 16:49:43,007 - ERROR: Failed to create Datastream for CO2 concentration: {"code":400,"type":"error","message":"No such entity 'Sensor' with id  1 "}
2024-11-21 16:49:43,016 - ERROR: Failed to create Datastream for Temperature: {"code":400,"type":"error","message":"No such entity 'Sensor' with id  1 "}
2024-11-21 16:49:43,027 - ERROR: Failed to create Datastream for Humidity: {"code":400,"type":"error","message":"No such entity 'Sensor' with id  1 "}
2024-11-21 16:49:43,028 - INFO: Data upload completed successfully!
2024-11-21 16:49:43,040 - INFO: Fetched 0 datastreams for Thing 1
2024-11-21 16:49:43,050 - INFO: Fetched 0 datastreams for Thing 2
2024-11-21 16:49:43,061 - INFO: Fetched 0 datastreams for Thing 3
2024-11-21 16:49:43,071 - INFO: Fetched 0 datastreams for Thing 4
2024-11-21 16:49:43,082 - INFO: Fetched 0 datastreams for Thing 5
2024-11-21 16:49:43,091 - INFO: Fetched 0 datastreams for Thing 6
2024-11-21 16:49:43,101 - INFO: Fetched 0 datastreams for Thing 7
2024-11-21 16:49:43,110 - INFO: Fetched 0 datastreams for Thing 8
2024-11-21 16:49:43,120 - INFO: Fetched 0 datastreams for Thing 9
2024-11-21 16:49:43,130 - INFO: Fetched 0 datastreams for Thing 10
2024-11-21 16:49:43,131 - INFO: Saved 0 observations to observations_data.json
